-------------------------------------------------------------------------------
Test set: TestSuite
-------------------------------------------------------------------------------
Tests run: 2, Failures: 1, Errors: 0, Skipped: 0, Time elapsed: 3.195 s <<< FAILURE! - in TestSuite
LaunchChrome_Method2(Teste.teste.Testesss)  Time elapsed: 0.206 s  <<< FAILURE!
java.lang.IllegalStateException: The path to the driver executable must be set by the webdriver.chrome.driver system property; for more information, see https://github.com/SeleniumHQ/selenium/wiki/ChromeDriver. The latest version can be downloaded from http://chromedriver.storage.googleapis.com/index.html
	at Teste.teste.Testesss.LaunchChrome_Method2(Testesss.java:20)

